Build started 18.11.2015 8:59:22.
     1>Project "D:\G8263\autopeli\sfml-try\sfml-try.vcxproj" on node 2 (Rebuild target(s)).
     1>ClCompile:
         C:\Program Files (x86)\Microsoft Visual Studio 14.0\VC\bin\CL.exe /c /I"sfml-2.3\include" /ZI /nologo /W3 /WX- /sdl /Od /Oy- /D WIN32 /D _DEBUG /D _CONSOLE /D _UNICODE /D UNICODE /Gm /EHsc /RTC1 /MDd /GS /fp:precise /Zc:wchar_t /Zc:forScope /Zc:inline /Fo"Debug\\" /Fd"Debug\vc140.pdb" /Gd /TP /analyze- /errorReport:prompt character.cpp event.cpp gamestatus.cpp main.cpp meter.cpp teksti.cpp
         teksti.cpp
         meter.cpp
     1>d:\g8263\autopeli\sfml-try\meter.cpp(17): warning C4244: 'argument': conversion from 'int' to 'float', possible loss of data
     1>d:\g8263\autopeli\sfml-try\meter.cpp(24): warning C4244: 'argument': conversion from 'int' to 'float', possible loss of data
         main.cpp
     1>d:\g8263\autopeli\sfml-try\main.cpp(56): warning C4244: 'argument': conversion from 'int' to 'float', possible loss of data
     1>d:\g8263\autopeli\sfml-try\main.cpp(181): warning C4244: 'argument': conversion from 'int' to 'float', possible loss of data
         gamestatus.cpp
         event.cpp
         character.cpp
     1>d:\g8263\autopeli\sfml-try\character.cpp(19): warning C4244: 'argument': conversion from 'int' to 'float', possible loss of data
         Generating Code...
       Link:
         C:\Program Files (x86)\Microsoft Visual Studio 14.0\VC\bin\link.exe /ERRORREPORT:PROMPT /OUT:"D:\G8263\autopeli\Debug\sfml-try.exe" /INCREMENTAL /NOLOGO /LIBPATH:"\sfml-2.3\lib" "sfml-graphics-d.lib" "sfml-window-d.lib" "sfml-system-d.lib" kernel32.lib user32.lib gdi32.lib winspool.lib comdlg32.lib advapi32.lib shell32.lib ole32.lib oleaut32.lib uuid.lib odbc32.lib odbccp32.lib kernel32.lib user32.lib gdi32.lib winspool.lib comdlg32.lib advapi32.lib shell32.lib ole32.lib oleaut32.lib uuid.lib odbc32.lib odbccp32.lib /MANIFEST /MANIFESTUAC:"level='asInvoker' uiAccess='false'" /manifest:embed /Debug /PDB:"D:\G8263\autopeli\Debug\sfml-try.pdb" /SUBSYSTEM:CONSOLE /TLBID:1 /DYNAMICBASE /NXCOMPAT /IMPLIB:"D:\G8263\autopeli\Debug\sfml-try.lib" /MACHINE:X86 Debug\character.obj
         Debug\event.obj
         Debug\gamestatus.obj
         Debug\main.obj
         Debug\meter.obj
         Debug\teksti.obj
         sfml-try.vcxproj -> D:\G8263\autopeli\Debug\sfml-try.exe
     1>Done Building Project "D:\G8263\autopeli\sfml-try\sfml-try.vcxproj" (Rebuild target(s)).

Build succeeded.

Time Elapsed 00:00:05.03
